  Kaynak.cpp
C:\Users\Lenovo\Desktop\Feyza Ezber -G221210029\Feyza Ezber -G221210029\Project31\Kaynak.cpp(53,93): warning C4244: '=': 'double' - 'float' dönüşümü; veri kaybı olabilir
C:\Users\Lenovo\Desktop\Feyza Ezber -G221210029\Feyza Ezber -G221210029\Project31\Kaynak.cpp(60,32): warning C4244: '=': 'double' - 'float' dönüşümü; veri kaybı olabilir
C:\Users\Lenovo\Desktop\Feyza Ezber -G221210029\Feyza Ezber -G221210029\Project31\Kaynak.cpp(116,12): warning C4244: 'bağımsız değişken': 'time_t' - 'unsigned int' dönüşümü; veri kaybı olabilir
C:\Users\Lenovo\Desktop\Feyza Ezber -G221210029\Feyza Ezber -G221210029\Project31\Kaynak.cpp(129,38): warning C4244: '=': 'int' - 'float' dönüşümü; veri kaybı olabilir
C:\Users\Lenovo\Desktop\Feyza Ezber -G221210029\Feyza Ezber -G221210029\Project31\Kaynak.cpp(130,38): warning C4244: '=': 'int' - 'float' dönüşümü; veri kaybı olabilir
C:\Users\Lenovo\Desktop\Feyza Ezber -G221210029\Feyza Ezber -G221210029\Project31\Kaynak.cpp(131,33): warning C4244: '=': 'int' - 'float' dönüşümü; veri kaybı olabilir
C:\Users\Lenovo\Desktop\Feyza Ezber -G221210029\Feyza Ezber -G221210029\Project31\Kaynak.cpp(132,33): warning C4244: '=': 'int' - 'float' dönüşümü; veri kaybı olabilir
C:\Users\Lenovo\Desktop\Feyza Ezber -G221210029\Feyza Ezber -G221210029\Project31\Kaynak.cpp(133,33): warning C4244: '=': 'int' - 'float' dönüşümü; veri kaybı olabilir
C:\Users\Lenovo\Desktop\Feyza Ezber -G221210029\Feyza Ezber -G221210029\Project31\Kaynak.cpp(134,32): warning C4244: '=': 'int' - 'float' dönüşümü; veri kaybı olabilir
C:\Users\Lenovo\Desktop\Feyza Ezber -G221210029\Feyza Ezber -G221210029\Project31\Kaynak.cpp(135,33): warning C4244: '=': 'int' - 'float' dönüşümü; veri kaybı olabilir
C:\Users\Lenovo\Desktop\Feyza Ezber -G221210029\Feyza Ezber -G221210029\Project31\Kaynak.cpp(140,54): warning C4244: '=': 'int' - 'float' dönüşümü; veri kaybı olabilir
C:\Users\Lenovo\Desktop\Feyza Ezber -G221210029\Feyza Ezber -G221210029\Project31\Kaynak.cpp(141,54): warning C4244: '=': 'int' - 'float' dönüşümü; veri kaybı olabilir
C:\Users\Lenovo\Desktop\Feyza Ezber -G221210029\Feyza Ezber -G221210029\Project31\Kaynak.cpp(142,49): warning C4244: '=': 'int' - 'float' dönüşümü; veri kaybı olabilir
C:\Users\Lenovo\Desktop\Feyza Ezber -G221210029\Feyza Ezber -G221210029\Project31\Kaynak.cpp(143,49): warning C4244: '=': 'int' - 'float' dönüşümü; veri kaybı olabilir
C:\Users\Lenovo\Desktop\Feyza Ezber -G221210029\Feyza Ezber -G221210029\Project31\Kaynak.cpp(144,49): warning C4244: '=': 'int' - 'float' dönüşümü; veri kaybı olabilir
C:\Users\Lenovo\Desktop\Feyza Ezber -G221210029\Feyza Ezber -G221210029\Project31\Kaynak.cpp(145,48): warning C4244: '=': 'int' - 'float' dönüşümü; veri kaybı olabilir
C:\Users\Lenovo\Desktop\Feyza Ezber -G221210029\Feyza Ezber -G221210029\Project31\Kaynak.cpp(146,49): warning C4244: '=': 'int' - 'float' dönüşümü; veri kaybı olabilir
C:\Users\Lenovo\Desktop\Feyza Ezber -G221210029\Feyza Ezber -G221210029\Project31\Kaynak.cpp(152,54): warning C4244: '=': 'int' - 'float' dönüşümü; veri kaybı olabilir
C:\Users\Lenovo\Desktop\Feyza Ezber -G221210029\Feyza Ezber -G221210029\Project31\Kaynak.cpp(153,54): warning C4244: '=': 'int' - 'float' dönüşümü; veri kaybı olabilir
C:\Users\Lenovo\Desktop\Feyza Ezber -G221210029\Feyza Ezber -G221210029\Project31\Kaynak.cpp(154,49): warning C4244: '=': 'int' - 'float' dönüşümü; veri kaybı olabilir
C:\Users\Lenovo\Desktop\Feyza Ezber -G221210029\Feyza Ezber -G221210029\Project31\Kaynak.cpp(155,49): warning C4244: '=': 'int' - 'float' dönüşümü; veri kaybı olabilir
C:\Users\Lenovo\Desktop\Feyza Ezber -G221210029\Feyza Ezber -G221210029\Project31\Kaynak.cpp(156,49): warning C4244: '=': 'int' - 'float' dönüşümü; veri kaybı olabilir
C:\Users\Lenovo\Desktop\Feyza Ezber -G221210029\Feyza Ezber -G221210029\Project31\Kaynak.cpp(157,48): warning C4244: '=': 'int' - 'float' dönüşümü; veri kaybı olabilir
C:\Users\Lenovo\Desktop\Feyza Ezber -G221210029\Feyza Ezber -G221210029\Project31\Kaynak.cpp(158,49): warning C4244: '=': 'int' - 'float' dönüşümü; veri kaybı olabilir
C:\Users\Lenovo\Desktop\Feyza Ezber -G221210029\Feyza Ezber -G221210029\Project31\Kaynak.cpp(164,55): warning C4244: '=': 'int' - 'float' dönüşümü; veri kaybı olabilir
C:\Users\Lenovo\Desktop\Feyza Ezber -G221210029\Feyza Ezber -G221210029\Project31\Kaynak.cpp(165,55): warning C4244: '=': 'int' - 'float' dönüşümü; veri kaybı olabilir
C:\Users\Lenovo\Desktop\Feyza Ezber -G221210029\Feyza Ezber -G221210029\Project31\Kaynak.cpp(166,50): warning C4244: '=': 'int' - 'float' dönüşümü; veri kaybı olabilir
C:\Users\Lenovo\Desktop\Feyza Ezber -G221210029\Feyza Ezber -G221210029\Project31\Kaynak.cpp(167,50): warning C4244: '=': 'int' - 'float' dönüşümü; veri kaybı olabilir
C:\Users\Lenovo\Desktop\Feyza Ezber -G221210029\Feyza Ezber -G221210029\Project31\Kaynak.cpp(168,50): warning C4244: '=': 'int' - 'float' dönüşümü; veri kaybı olabilir
C:\Users\Lenovo\Desktop\Feyza Ezber -G221210029\Feyza Ezber -G221210029\Project31\Kaynak.cpp(169,49): warning C4244: '=': 'int' - 'float' dönüşümü; veri kaybı olabilir
C:\Users\Lenovo\Desktop\Feyza Ezber -G221210029\Feyza Ezber -G221210029\Project31\Kaynak.cpp(170,50): warning C4244: '=': 'int' - 'float' dönüşümü; veri kaybı olabilir
C:\Users\Lenovo\Desktop\Feyza Ezber -G221210029\Feyza Ezber -G221210029\Project31\Kaynak.cpp(173,168): warning C4244: '=': 'double' - 'float' dönüşümü; veri kaybı olabilir
C:\Users\Lenovo\Desktop\Feyza Ezber -G221210029\Feyza Ezber -G221210029\Project31\Kaynak.cpp(174,43): warning C4244: '=': 'double' - 'float' dönüşümü; veri kaybı olabilir
C:\Users\Lenovo\Desktop\Feyza Ezber -G221210029\Feyza Ezber -G221210029\Project31\Kaynak.cpp(241,38): warning C4244: '=': 'int' - 'float' dönüşümü; veri kaybı olabilir
C:\Users\Lenovo\Desktop\Feyza Ezber -G221210029\Feyza Ezber -G221210029\Project31\Kaynak.cpp(242,38): warning C4244: '=': 'int' - 'float' dönüşümü; veri kaybı olabilir
C:\Users\Lenovo\Desktop\Feyza Ezber -G221210029\Feyza Ezber -G221210029\Project31\Kaynak.cpp(243,33): warning C4244: '=': 'int' - 'float' dönüşümü; veri kaybı olabilir
C:\Users\Lenovo\Desktop\Feyza Ezber -G221210029\Feyza Ezber -G221210029\Project31\Kaynak.cpp(244,33): warning C4244: '=': 'int' - 'float' dönüşümü; veri kaybı olabilir
C:\Users\Lenovo\Desktop\Feyza Ezber -G221210029\Feyza Ezber -G221210029\Project31\Kaynak.cpp(245,33): warning C4244: '=': 'int' - 'float' dönüşümü; veri kaybı olabilir
C:\Users\Lenovo\Desktop\Feyza Ezber -G221210029\Feyza Ezber -G221210029\Project31\Kaynak.cpp(246,32): warning C4244: '=': 'int' - 'float' dönüşümü; veri kaybı olabilir
C:\Users\Lenovo\Desktop\Feyza Ezber -G221210029\Feyza Ezber -G221210029\Project31\Kaynak.cpp(247,33): warning C4244: '=': 'int' - 'float' dönüşümü; veri kaybı olabilir
C:\Users\Lenovo\Desktop\Feyza Ezber -G221210029\Feyza Ezber -G221210029\Project31\Kaynak.cpp(252,54): warning C4244: '=': 'int' - 'float' dönüşümü; veri kaybı olabilir
C:\Users\Lenovo\Desktop\Feyza Ezber -G221210029\Feyza Ezber -G221210029\Project31\Kaynak.cpp(253,54): warning C4244: '=': 'int' - 'float' dönüşümü; veri kaybı olabilir
C:\Users\Lenovo\Desktop\Feyza Ezber -G221210029\Feyza Ezber -G221210029\Project31\Kaynak.cpp(254,49): warning C4244: '=': 'int' - 'float' dönüşümü; veri kaybı olabilir
C:\Users\Lenovo\Desktop\Feyza Ezber -G221210029\Feyza Ezber -G221210029\Project31\Kaynak.cpp(255,49): warning C4244: '=': 'int' - 'float' dönüşümü; veri kaybı olabilir
C:\Users\Lenovo\Desktop\Feyza Ezber -G221210029\Feyza Ezber -G221210029\Project31\Kaynak.cpp(256,49): warning C4244: '=': 'int' - 'float' dönüşümü; veri kaybı olabilir
C:\Users\Lenovo\Desktop\Feyza Ezber -G221210029\Feyza Ezber -G221210029\Project31\Kaynak.cpp(257,48): warning C4244: '=': 'int' - 'float' dönüşümü; veri kaybı olabilir
C:\Users\Lenovo\Desktop\Feyza Ezber -G221210029\Feyza Ezber -G221210029\Project31\Kaynak.cpp(258,49): warning C4244: '=': 'int' - 'float' dönüşümü; veri kaybı olabilir
C:\Users\Lenovo\Desktop\Feyza Ezber -G221210029\Feyza Ezber -G221210029\Project31\Kaynak.cpp(263,54): warning C4244: '=': 'int' - 'float' dönüşümü; veri kaybı olabilir
C:\Users\Lenovo\Desktop\Feyza Ezber -G221210029\Feyza Ezber -G221210029\Project31\Kaynak.cpp(264,54): warning C4244: '=': 'int' - 'float' dönüşümü; veri kaybı olabilir
C:\Users\Lenovo\Desktop\Feyza Ezber -G221210029\Feyza Ezber -G221210029\Project31\Kaynak.cpp(265,49): warning C4244: '=': 'int' - 'float' dönüşümü; veri kaybı olabilir
C:\Users\Lenovo\Desktop\Feyza Ezber -G221210029\Feyza Ezber -G221210029\Project31\Kaynak.cpp(266,49): warning C4244: '=': 'int' - 'float' dönüşümü; veri kaybı olabilir
C:\Users\Lenovo\Desktop\Feyza Ezber -G221210029\Feyza Ezber -G221210029\Project31\Kaynak.cpp(267,49): warning C4244: '=': 'int' - 'float' dönüşümü; veri kaybı olabilir
C:\Users\Lenovo\Desktop\Feyza Ezber -G221210029\Feyza Ezber -G221210029\Project31\Kaynak.cpp(268,48): warning C4244: '=': 'int' - 'float' dönüşümü; veri kaybı olabilir
C:\Users\Lenovo\Desktop\Feyza Ezber -G221210029\Feyza Ezber -G221210029\Project31\Kaynak.cpp(269,49): warning C4244: '=': 'int' - 'float' dönüşümü; veri kaybı olabilir
C:\Users\Lenovo\Desktop\Feyza Ezber -G221210029\Feyza Ezber -G221210029\Project31\Kaynak.cpp(274,55): warning C4244: '=': 'int' - 'float' dönüşümü; veri kaybı olabilir
C:\Users\Lenovo\Desktop\Feyza Ezber -G221210029\Feyza Ezber -G221210029\Project31\Kaynak.cpp(275,55): warning C4244: '=': 'int' - 'float' dönüşümü; veri kaybı olabilir
C:\Users\Lenovo\Desktop\Feyza Ezber -G221210029\Feyza Ezber -G221210029\Project31\Kaynak.cpp(276,50): warning C4244: '=': 'int' - 'float' dönüşümü; veri kaybı olabilir
C:\Users\Lenovo\Desktop\Feyza Ezber -G221210029\Feyza Ezber -G221210029\Project31\Kaynak.cpp(277,50): warning C4244: '=': 'int' - 'float' dönüşümü; veri kaybı olabilir
C:\Users\Lenovo\Desktop\Feyza Ezber -G221210029\Feyza Ezber -G221210029\Project31\Kaynak.cpp(278,50): warning C4244: '=': 'int' - 'float' dönüşümü; veri kaybı olabilir
C:\Users\Lenovo\Desktop\Feyza Ezber -G221210029\Feyza Ezber -G221210029\Project31\Kaynak.cpp(279,49): warning C4244: '=': 'int' - 'float' dönüşümü; veri kaybı olabilir
C:\Users\Lenovo\Desktop\Feyza Ezber -G221210029\Feyza Ezber -G221210029\Project31\Kaynak.cpp(280,50): warning C4244: '=': 'int' - 'float' dönüşümü; veri kaybı olabilir
C:\Users\Lenovo\Desktop\Feyza Ezber -G221210029\Feyza Ezber -G221210029\Project31\Kaynak.cpp(283,168): warning C4244: '=': 'double' - 'float' dönüşümü; veri kaybı olabilir
C:\Users\Lenovo\Desktop\Feyza Ezber -G221210029\Feyza Ezber -G221210029\Project31\Kaynak.cpp(284,43): warning C4244: '=': 'double' - 'float' dönüşümü; veri kaybı olabilir
C:\Users\Lenovo\Desktop\Feyza Ezber -G221210029\Feyza Ezber -G221210029\Project31\Kaynak.cpp(305,38): warning C4244: '=': 'int' - 'float' dönüşümü; veri kaybı olabilir
C:\Users\Lenovo\Desktop\Feyza Ezber -G221210029\Feyza Ezber -G221210029\Project31\Kaynak.cpp(306,38): warning C4244: '=': 'int' - 'float' dönüşümü; veri kaybı olabilir
C:\Users\Lenovo\Desktop\Feyza Ezber -G221210029\Feyza Ezber -G221210029\Project31\Kaynak.cpp(307,33): warning C4244: '=': 'int' - 'float' dönüşümü; veri kaybı olabilir
C:\Users\Lenovo\Desktop\Feyza Ezber -G221210029\Feyza Ezber -G221210029\Project31\Kaynak.cpp(308,33): warning C4244: '=': 'int' - 'float' dönüşümü; veri kaybı olabilir
C:\Users\Lenovo\Desktop\Feyza Ezber -G221210029\Feyza Ezber -G221210029\Project31\Kaynak.cpp(309,33): warning C4244: '=': 'int' - 'float' dönüşümü; veri kaybı olabilir
C:\Users\Lenovo\Desktop\Feyza Ezber -G221210029\Feyza Ezber -G221210029\Project31\Kaynak.cpp(310,32): warning C4244: '=': 'int' - 'float' dönüşümü; veri kaybı olabilir
C:\Users\Lenovo\Desktop\Feyza Ezber -G221210029\Feyza Ezber -G221210029\Project31\Kaynak.cpp(311,33): warning C4244: '=': 'int' - 'float' dönüşümü; veri kaybı olabilir
C:\Users\Lenovo\Desktop\Feyza Ezber -G221210029\Feyza Ezber -G221210029\Project31\Kaynak.cpp(316,54): warning C4244: '=': 'int' - 'float' dönüşümü; veri kaybı olabilir
C:\Users\Lenovo\Desktop\Feyza Ezber -G221210029\Feyza Ezber -G221210029\Project31\Kaynak.cpp(317,54): warning C4244: '=': 'int' - 'float' dönüşümü; veri kaybı olabilir
C:\Users\Lenovo\Desktop\Feyza Ezber -G221210029\Feyza Ezber -G221210029\Project31\Kaynak.cpp(318,49): warning C4244: '=': 'int' - 'float' dönüşümü; veri kaybı olabilir
C:\Users\Lenovo\Desktop\Feyza Ezber -G221210029\Feyza Ezber -G221210029\Project31\Kaynak.cpp(319,49): warning C4244: '=': 'int' - 'float' dönüşümü; veri kaybı olabilir
C:\Users\Lenovo\Desktop\Feyza Ezber -G221210029\Feyza Ezber -G221210029\Project31\Kaynak.cpp(320,49): warning C4244: '=': 'int' - 'float' dönüşümü; veri kaybı olabilir
C:\Users\Lenovo\Desktop\Feyza Ezber -G221210029\Feyza Ezber -G221210029\Project31\Kaynak.cpp(321,48): warning C4244: '=': 'int' - 'float' dönüşümü; veri kaybı olabilir
C:\Users\Lenovo\Desktop\Feyza Ezber -G221210029\Feyza Ezber -G221210029\Project31\Kaynak.cpp(322,49): warning C4244: '=': 'int' - 'float' dönüşümü; veri kaybı olabilir
C:\Users\Lenovo\Desktop\Feyza Ezber -G221210029\Feyza Ezber -G221210029\Project31\Kaynak.cpp(327,54): warning C4244: '=': 'int' - 'float' dönüşümü; veri kaybı olabilir
C:\Users\Lenovo\Desktop\Feyza Ezber -G221210029\Feyza Ezber -G221210029\Project31\Kaynak.cpp(328,54): warning C4244: '=': 'int' - 'float' dönüşümü; veri kaybı olabilir
C:\Users\Lenovo\Desktop\Feyza Ezber -G221210029\Feyza Ezber -G221210029\Project31\Kaynak.cpp(329,49): warning C4244: '=': 'int' - 'float' dönüşümü; veri kaybı olabilir
C:\Users\Lenovo\Desktop\Feyza Ezber -G221210029\Feyza Ezber -G221210029\Project31\Kaynak.cpp(330,49): warning C4244: '=': 'int' - 'float' dönüşümü; veri kaybı olabilir
C:\Users\Lenovo\Desktop\Feyza Ezber -G221210029\Feyza Ezber -G221210029\Project31\Kaynak.cpp(331,49): warning C4244: '=': 'int' - 'float' dönüşümü; veri kaybı olabilir
C:\Users\Lenovo\Desktop\Feyza Ezber -G221210029\Feyza Ezber -G221210029\Project31\Kaynak.cpp(332,48): warning C4244: '=': 'int' - 'float' dönüşümü; veri kaybı olabilir
C:\Users\Lenovo\Desktop\Feyza Ezber -G221210029\Feyza Ezber -G221210029\Project31\Kaynak.cpp(333,49): warning C4244: '=': 'int' - 'float' dönüşümü; veri kaybı olabilir
C:\Users\Lenovo\Desktop\Feyza Ezber -G221210029\Feyza Ezber -G221210029\Project31\Kaynak.cpp(338,55): warning C4244: '=': 'int' - 'float' dönüşümü; veri kaybı olabilir
C:\Users\Lenovo\Desktop\Feyza Ezber -G221210029\Feyza Ezber -G221210029\Project31\Kaynak.cpp(339,55): warning C4244: '=': 'int' - 'float' dönüşümü; veri kaybı olabilir
C:\Users\Lenovo\Desktop\Feyza Ezber -G221210029\Feyza Ezber -G221210029\Project31\Kaynak.cpp(340,50): warning C4244: '=': 'int' - 'float' dönüşümü; veri kaybı olabilir
C:\Users\Lenovo\Desktop\Feyza Ezber -G221210029\Feyza Ezber -G221210029\Project31\Kaynak.cpp(341,50): warning C4244: '=': 'int' - 'float' dönüşümü; veri kaybı olabilir
C:\Users\Lenovo\Desktop\Feyza Ezber -G221210029\Feyza Ezber -G221210029\Project31\Kaynak.cpp(342,50): warning C4244: '=': 'int' - 'float' dönüşümü; veri kaybı olabilir
C:\Users\Lenovo\Desktop\Feyza Ezber -G221210029\Feyza Ezber -G221210029\Project31\Kaynak.cpp(343,49): warning C4244: '=': 'int' - 'float' dönüşümü; veri kaybı olabilir
C:\Users\Lenovo\Desktop\Feyza Ezber -G221210029\Feyza Ezber -G221210029\Project31\Kaynak.cpp(344,50): warning C4244: '=': 'int' - 'float' dönüşümü; veri kaybı olabilir
C:\Users\Lenovo\Desktop\Feyza Ezber -G221210029\Feyza Ezber -G221210029\Project31\Kaynak.cpp(347,168): warning C4244: '=': 'double' - 'float' dönüşümü; veri kaybı olabilir
C:\Users\Lenovo\Desktop\Feyza Ezber -G221210029\Feyza Ezber -G221210029\Project31\Kaynak.cpp(348,43): warning C4244: '=': 'double' - 'float' dönüşümü; veri kaybı olabilir
C:\Users\Lenovo\Desktop\Feyza Ezber -G221210029\Feyza Ezber -G221210029\Project31\Kaynak.cpp(369,38): warning C4244: '=': 'int' - 'float' dönüşümü; veri kaybı olabilir
C:\Users\Lenovo\Desktop\Feyza Ezber -G221210029\Feyza Ezber -G221210029\Project31\Kaynak.cpp(370,38): warning C4244: '=': 'int' - 'float' dönüşümü; veri kaybı olabilir
C:\Users\Lenovo\Desktop\Feyza Ezber -G221210029\Feyza Ezber -G221210029\Project31\Kaynak.cpp(371,33): warning C4244: '=': 'int' - 'float' dönüşümü; veri kaybı olabilir
C:\Users\Lenovo\Desktop\Feyza Ezber -G221210029\Feyza Ezber -G221210029\Project31\Kaynak.cpp(372,33): warning C4244: '=': 'int' - 'float' dönüşümü; veri kaybı olabilir
C:\Users\Lenovo\Desktop\Feyza Ezber -G221210029\Feyza Ezber -G221210029\Project31\Kaynak.cpp(373,33): warning C4244: '=': 'int' - 'float' dönüşümü; veri kaybı olabilir
C:\Users\Lenovo\Desktop\Feyza Ezber -G221210029\Feyza Ezber -G221210029\Project31\Kaynak.cpp(374,32): warning C4244: '=': 'int' - 'float' dönüşümü; veri kaybı olabilir
C:\Users\Lenovo\Desktop\Feyza Ezber -G221210029\Feyza Ezber -G221210029\Project31\Kaynak.cpp(375,33): warning C4244: '=': 'int' - 'float' dönüşümü; veri kaybı olabilir
C:\Users\Lenovo\Desktop\Feyza Ezber -G221210029\Feyza Ezber -G221210029\Project31\Kaynak.cpp(380,54): warning C4244: '=': 'int' - 'float' dönüşümü; veri kaybı olabilir
C:\Users\Lenovo\Desktop\Feyza Ezber -G221210029\Feyza Ezber -G221210029\Project31\Kaynak.cpp(381,54): warning C4244: '=': 'int' - 'float' dönüşümü; veri kaybı olabilir
C:\Users\Lenovo\Desktop\Feyza Ezber -G221210029\Feyza Ezber -G221210029\Project31\Kaynak.cpp(382,49): warning C4244: '=': 'int' - 'float' dönüşümü; veri kaybı olabilir
C:\Users\Lenovo\Desktop\Feyza Ezber -G221210029\Feyza Ezber -G221210029\Project31\Kaynak.cpp(383,49): warning C4244: '=': 'int' - 'float' dönüşümü; veri kaybı olabilir
C:\Users\Lenovo\Desktop\Feyza Ezber -G221210029\Feyza Ezber -G221210029\Project31\Kaynak.cpp(384,49): warning C4244: '=': 'int' - 'float' dönüşümü; veri kaybı olabilir
C:\Users\Lenovo\Desktop\Feyza Ezber -G221210029\Feyza Ezber -G221210029\Project31\Kaynak.cpp(385,48): warning C4244: '=': 'int' - 'float' dönüşümü; veri kaybı olabilir
C:\Users\Lenovo\Desktop\Feyza Ezber -G221210029\Feyza Ezber -G221210029\Project31\Kaynak.cpp(386,49): warning C4244: '=': 'int' - 'float' dönüşümü; veri kaybı olabilir
C:\Users\Lenovo\Desktop\Feyza Ezber -G221210029\Feyza Ezber -G221210029\Project31\Kaynak.cpp(391,54): warning C4244: '=': 'int' - 'float' dönüşümü; veri kaybı olabilir
C:\Users\Lenovo\Desktop\Feyza Ezber -G221210029\Feyza Ezber -G221210029\Project31\Kaynak.cpp(392,54): warning C4244: '=': 'int' - 'float' dönüşümü; veri kaybı olabilir
C:\Users\Lenovo\Desktop\Feyza Ezber -G221210029\Feyza Ezber -G221210029\Project31\Kaynak.cpp(393,49): warning C4244: '=': 'int' - 'float' dönüşümü; veri kaybı olabilir
C:\Users\Lenovo\Desktop\Feyza Ezber -G221210029\Feyza Ezber -G221210029\Project31\Kaynak.cpp(394,49): warning C4244: '=': 'int' - 'float' dönüşümü; veri kaybı olabilir
C:\Users\Lenovo\Desktop\Feyza Ezber -G221210029\Feyza Ezber -G221210029\Project31\Kaynak.cpp(395,49): warning C4244: '=': 'int' - 'float' dönüşümü; veri kaybı olabilir
C:\Users\Lenovo\Desktop\Feyza Ezber -G221210029\Feyza Ezber -G221210029\Project31\Kaynak.cpp(396,48): warning C4244: '=': 'int' - 'float' dönüşümü; veri kaybı olabilir
C:\Users\Lenovo\Desktop\Feyza Ezber -G221210029\Feyza Ezber -G221210029\Project31\Kaynak.cpp(397,49): warning C4244: '=': 'int' - 'float' dönüşümü; veri kaybı olabilir
C:\Users\Lenovo\Desktop\Feyza Ezber -G221210029\Feyza Ezber -G221210029\Project31\Kaynak.cpp(402,55): warning C4244: '=': 'int' - 'float' dönüşümü; veri kaybı olabilir
C:\Users\Lenovo\Desktop\Feyza Ezber -G221210029\Feyza Ezber -G221210029\Project31\Kaynak.cpp(403,55): warning C4244: '=': 'int' - 'float' dönüşümü; veri kaybı olabilir
C:\Users\Lenovo\Desktop\Feyza Ezber -G221210029\Feyza Ezber -G221210029\Project31\Kaynak.cpp(404,50): warning C4244: '=': 'int' - 'float' dönüşümü; veri kaybı olabilir
C:\Users\Lenovo\Desktop\Feyza Ezber -G221210029\Feyza Ezber -G221210029\Project31\Kaynak.cpp(405,50): warning C4244: '=': 'int' - 'float' dönüşümü; veri kaybı olabilir
C:\Users\Lenovo\Desktop\Feyza Ezber -G221210029\Feyza Ezber -G221210029\Project31\Kaynak.cpp(406,50): warning C4244: '=': 'int' - 'float' dönüşümü; veri kaybı olabilir
C:\Users\Lenovo\Desktop\Feyza Ezber -G221210029\Feyza Ezber -G221210029\Project31\Kaynak.cpp(407,49): warning C4244: '=': 'int' - 'float' dönüşümü; veri kaybı olabilir
C:\Users\Lenovo\Desktop\Feyza Ezber -G221210029\Feyza Ezber -G221210029\Project31\Kaynak.cpp(408,50): warning C4244: '=': 'int' - 'float' dönüşümü; veri kaybı olabilir
C:\Users\Lenovo\Desktop\Feyza Ezber -G221210029\Feyza Ezber -G221210029\Project31\Kaynak.cpp(411,168): warning C4244: '=': 'double' - 'float' dönüşümü; veri kaybı olabilir
C:\Users\Lenovo\Desktop\Feyza Ezber -G221210029\Feyza Ezber -G221210029\Project31\Kaynak.cpp(412,43): warning C4244: '=': 'double' - 'float' dönüşümü; veri kaybı olabilir
C:\Users\Lenovo\Desktop\Feyza Ezber -G221210029\Feyza Ezber -G221210029\Project31\Kaynak.cpp(432,38): warning C4244: '=': 'int' - 'float' dönüşümü; veri kaybı olabilir
C:\Users\Lenovo\Desktop\Feyza Ezber -G221210029\Feyza Ezber -G221210029\Project31\Kaynak.cpp(433,38): warning C4244: '=': 'int' - 'float' dönüşümü; veri kaybı olabilir
C:\Users\Lenovo\Desktop\Feyza Ezber -G221210029\Feyza Ezber -G221210029\Project31\Kaynak.cpp(434,33): warning C4244: '=': 'int' - 'float' dönüşümü; veri kaybı olabilir
C:\Users\Lenovo\Desktop\Feyza Ezber -G221210029\Feyza Ezber -G221210029\Project31\Kaynak.cpp(435,33): warning C4244: '=': 'int' - 'float' dönüşümü; veri kaybı olabilir
C:\Users\Lenovo\Desktop\Feyza Ezber -G221210029\Feyza Ezber -G221210029\Project31\Kaynak.cpp(436,33): warning C4244: '=': 'int' - 'float' dönüşümü; veri kaybı olabilir
C:\Users\Lenovo\Desktop\Feyza Ezber -G221210029\Feyza Ezber -G221210029\Project31\Kaynak.cpp(437,32): warning C4244: '=': 'int' - 'float' dönüşümü; veri kaybı olabilir
C:\Users\Lenovo\Desktop\Feyza Ezber -G221210029\Feyza Ezber -G221210029\Project31\Kaynak.cpp(438,33): warning C4244: '=': 'int' - 'float' dönüşümü; veri kaybı olabilir
C:\Users\Lenovo\Desktop\Feyza Ezber -G221210029\Feyza Ezber -G221210029\Project31\Kaynak.cpp(443,54): warning C4244: '=': 'int' - 'float' dönüşümü; veri kaybı olabilir
C:\Users\Lenovo\Desktop\Feyza Ezber -G221210029\Feyza Ezber -G221210029\Project31\Kaynak.cpp(444,54): warning C4244: '=': 'int' - 'float' dönüşümü; veri kaybı olabilir
C:\Users\Lenovo\Desktop\Feyza Ezber -G221210029\Feyza Ezber -G221210029\Project31\Kaynak.cpp(445,49): warning C4244: '=': 'int' - 'float' dönüşümü; veri kaybı olabilir
C:\Users\Lenovo\Desktop\Feyza Ezber -G221210029\Feyza Ezber -G221210029\Project31\Kaynak.cpp(446,49): warning C4244: '=': 'int' - 'float' dönüşümü; veri kaybı olabilir
C:\Users\Lenovo\Desktop\Feyza Ezber -G221210029\Feyza Ezber -G221210029\Project31\Kaynak.cpp(447,49): warning C4244: '=': 'int' - 'float' dönüşümü; veri kaybı olabilir
C:\Users\Lenovo\Desktop\Feyza Ezber -G221210029\Feyza Ezber -G221210029\Project31\Kaynak.cpp(448,48): warning C4244: '=': 'int' - 'float' dönüşümü; veri kaybı olabilir
C:\Users\Lenovo\Desktop\Feyza Ezber -G221210029\Feyza Ezber -G221210029\Project31\Kaynak.cpp(449,49): warning C4244: '=': 'int' - 'float' dönüşümü; veri kaybı olabilir
C:\Users\Lenovo\Desktop\Feyza Ezber -G221210029\Feyza Ezber -G221210029\Project31\Kaynak.cpp(454,54): warning C4244: '=': 'int' - 'float' dönüşümü; veri kaybı olabilir
C:\Users\Lenovo\Desktop\Feyza Ezber -G221210029\Feyza Ezber -G221210029\Project31\Kaynak.cpp(455,54): warning C4244: '=': 'int' - 'float' dönüşümü; veri kaybı olabilir
C:\Users\Lenovo\Desktop\Feyza Ezber -G221210029\Feyza Ezber -G221210029\Project31\Kaynak.cpp(456,49): warning C4244: '=': 'int' - 'float' dönüşümü; veri kaybı olabilir
C:\Users\Lenovo\Desktop\Feyza Ezber -G221210029\Feyza Ezber -G221210029\Project31\Kaynak.cpp(457,49): warning C4244: '=': 'int' - 'float' dönüşümü; veri kaybı olabilir
C:\Users\Lenovo\Desktop\Feyza Ezber -G221210029\Feyza Ezber -G221210029\Project31\Kaynak.cpp(458,49): warning C4244: '=': 'int' - 'float' dönüşümü; veri kaybı olabilir
C:\Users\Lenovo\Desktop\Feyza Ezber -G221210029\Feyza Ezber -G221210029\Project31\Kaynak.cpp(459,48): warning C4244: '=': 'int' - 'float' dönüşümü; veri kaybı olabilir
C:\Users\Lenovo\Desktop\Feyza Ezber -G221210029\Feyza Ezber -G221210029\Project31\Kaynak.cpp(460,49): warning C4244: '=': 'int' - 'float' dönüşümü; veri kaybı olabilir
C:\Users\Lenovo\Desktop\Feyza Ezber -G221210029\Feyza Ezber -G221210029\Project31\Kaynak.cpp(465,55): warning C4244: '=': 'int' - 'float' dönüşümü; veri kaybı olabilir
C:\Users\Lenovo\Desktop\Feyza Ezber -G221210029\Feyza Ezber -G221210029\Project31\Kaynak.cpp(466,55): warning C4244: '=': 'int' - 'float' dönüşümü; veri kaybı olabilir
C:\Users\Lenovo\Desktop\Feyza Ezber -G221210029\Feyza Ezber -G221210029\Project31\Kaynak.cpp(467,50): warning C4244: '=': 'int' - 'float' dönüşümü; veri kaybı olabilir
C:\Users\Lenovo\Desktop\Feyza Ezber -G221210029\Feyza Ezber -G221210029\Project31\Kaynak.cpp(468,50): warning C4244: '=': 'int' - 'float' dönüşümü; veri kaybı olabilir
C:\Users\Lenovo\Desktop\Feyza Ezber -G221210029\Feyza Ezber -G221210029\Project31\Kaynak.cpp(469,50): warning C4244: '=': 'int' - 'float' dönüşümü; veri kaybı olabilir
C:\Users\Lenovo\Desktop\Feyza Ezber -G221210029\Feyza Ezber -G221210029\Project31\Kaynak.cpp(470,49): warning C4244: '=': 'int' - 'float' dönüşümü; veri kaybı olabilir
C:\Users\Lenovo\Desktop\Feyza Ezber -G221210029\Feyza Ezber -G221210029\Project31\Kaynak.cpp(471,50): warning C4244: '=': 'int' - 'float' dönüşümü; veri kaybı olabilir
C:\Users\Lenovo\Desktop\Feyza Ezber -G221210029\Feyza Ezber -G221210029\Project31\Kaynak.cpp(474,168): warning C4244: '=': 'double' - 'float' dönüşümü; veri kaybı olabilir
C:\Users\Lenovo\Desktop\Feyza Ezber -G221210029\Feyza Ezber -G221210029\Project31\Kaynak.cpp(475,43): warning C4244: '=': 'double' - 'float' dönüşümü; veri kaybı olabilir
C:\Users\Lenovo\Desktop\Feyza Ezber -G221210029\Feyza Ezber -G221210029\Project31\Kaynak.cpp(479,23): warning C4244: '=': 'double' - 'float' dönüşümü; veri kaybı olabilir
C:\Users\Lenovo\Desktop\Feyza Ezber -G221210029\Feyza Ezber -G221210029\Project31\Kaynak.cpp(498,12): warning C4244: 'bağımsız değişken': 'time_t' - 'unsigned int' dönüşümü; veri kaybı olabilir
C:\Users\Lenovo\Desktop\Feyza Ezber -G221210029\Feyza Ezber -G221210029\Project31\Kaynak.cpp(507,38): warning C4244: '=': 'int' - 'float' dönüşümü; veri kaybı olabilir
C:\Users\Lenovo\Desktop\Feyza Ezber -G221210029\Feyza Ezber -G221210029\Project31\Kaynak.cpp(508,38): warning C4244: '=': 'int' - 'float' dönüşümü; veri kaybı olabilir
C:\Users\Lenovo\Desktop\Feyza Ezber -G221210029\Feyza Ezber -G221210029\Project31\Kaynak.cpp(509,33): warning C4244: '=': 'int' - 'float' dönüşümü; veri kaybı olabilir
C:\Users\Lenovo\Desktop\Feyza Ezber -G221210029\Feyza Ezber -G221210029\Project31\Kaynak.cpp(510,33): warning C4244: '=': 'int' - 'float' dönüşümü; veri kaybı olabilir
C:\Users\Lenovo\Desktop\Feyza Ezber -G221210029\Feyza Ezber -G221210029\Project31\Kaynak.cpp(511,33): warning C4244: '=': 'int' - 'float' dönüşümü; veri kaybı olabilir
C:\Users\Lenovo\Desktop\Feyza Ezber -G221210029\Feyza Ezber -G221210029\Project31\Kaynak.cpp(512,32): warning C4244: '=': 'int' - 'float' dönüşümü; veri kaybı olabilir
C:\Users\Lenovo\Desktop\Feyza Ezber -G221210029\Feyza Ezber -G221210029\Project31\Kaynak.cpp(513,33): warning C4244: '=': 'int' - 'float' dönüşümü; veri kaybı olabilir
C:\Users\Lenovo\Desktop\Feyza Ezber -G221210029\Feyza Ezber -G221210029\Project31\Kaynak.cpp(518,54): warning C4244: '=': 'int' - 'float' dönüşümü; veri kaybı olabilir
C:\Users\Lenovo\Desktop\Feyza Ezber -G221210029\Feyza Ezber -G221210029\Project31\Kaynak.cpp(519,54): warning C4244: '=': 'int' - 'float' dönüşümü; veri kaybı olabilir
C:\Users\Lenovo\Desktop\Feyza Ezber -G221210029\Feyza Ezber -G221210029\Project31\Kaynak.cpp(520,49): warning C4244: '=': 'int' - 'float' dönüşümü; veri kaybı olabilir
C:\Users\Lenovo\Desktop\Feyza Ezber -G221210029\Feyza Ezber -G221210029\Project31\Kaynak.cpp(521,49): warning C4244: '=': 'int' - 'float' dönüşümü; veri kaybı olabilir
C:\Users\Lenovo\Desktop\Feyza Ezber -G221210029\Feyza Ezber -G221210029\Project31\Kaynak.cpp(522,49): warning C4244: '=': 'int' - 'float' dönüşümü; veri kaybı olabilir
C:\Users\Lenovo\Desktop\Feyza Ezber -G221210029\Feyza Ezber -G221210029\Project31\Kaynak.cpp(523,48): warning C4244: '=': 'int' - 'float' dönüşümü; veri kaybı olabilir
C:\Users\Lenovo\Desktop\Feyza Ezber -G221210029\Feyza Ezber -G221210029\Project31\Kaynak.cpp(524,49): warning C4244: '=': 'int' - 'float' dönüşümü; veri kaybı olabilir
C:\Users\Lenovo\Desktop\Feyza Ezber -G221210029\Feyza Ezber -G221210029\Project31\Kaynak.cpp(530,54): warning C4244: '=': 'int' - 'float' dönüşümü; veri kaybı olabilir
C:\Users\Lenovo\Desktop\Feyza Ezber -G221210029\Feyza Ezber -G221210029\Project31\Kaynak.cpp(531,54): warning C4244: '=': 'int' - 'float' dönüşümü; veri kaybı olabilir
C:\Users\Lenovo\Desktop\Feyza Ezber -G221210029\Feyza Ezber -G221210029\Project31\Kaynak.cpp(532,49): warning C4244: '=': 'int' - 'float' dönüşümü; veri kaybı olabilir
C:\Users\Lenovo\Desktop\Feyza Ezber -G221210029\Feyza Ezber -G221210029\Project31\Kaynak.cpp(533,49): warning C4244: '=': 'int' - 'float' dönüşümü; veri kaybı olabilir
C:\Users\Lenovo\Desktop\Feyza Ezber -G221210029\Feyza Ezber -G221210029\Project31\Kaynak.cpp(534,49): warning C4244: '=': 'int' - 'float' dönüşümü; veri kaybı olabilir
C:\Users\Lenovo\Desktop\Feyza Ezber -G221210029\Feyza Ezber -G221210029\Project31\Kaynak.cpp(535,48): warning C4244: '=': 'int' - 'float' dönüşümü; veri kaybı olabilir
C:\Users\Lenovo\Desktop\Feyza Ezber -G221210029\Feyza Ezber -G221210029\Project31\Kaynak.cpp(536,49): warning C4244: '=': 'int' - 'float' dönüşümü; veri kaybı olabilir
C:\Users\Lenovo\Desktop\Feyza Ezber -G221210029\Feyza Ezber -G221210029\Project31\Kaynak.cpp(542,55): warning C4244: '=': 'int' - 'float' dönüşümü; veri kaybı olabilir
C:\Users\Lenovo\Desktop\Feyza Ezber -G221210029\Feyza Ezber -G221210029\Project31\Kaynak.cpp(543,55): warning C4244: '=': 'int' - 'float' dönüşümü; veri kaybı olabilir
C:\Users\Lenovo\Desktop\Feyza Ezber -G221210029\Feyza Ezber -G221210029\Project31\Kaynak.cpp(544,50): warning C4244: '=': 'int' - 'float' dönüşümü; veri kaybı olabilir
C:\Users\Lenovo\Desktop\Feyza Ezber -G221210029\Feyza Ezber -G221210029\Project31\Kaynak.cpp(545,50): warning C4244: '=': 'int' - 'float' dönüşümü; veri kaybı olabilir
C:\Users\Lenovo\Desktop\Feyza Ezber -G221210029\Feyza Ezber -G221210029\Project31\Kaynak.cpp(546,50): warning C4244: '=': 'int' - 'float' dönüşümü; veri kaybı olabilir
C:\Users\Lenovo\Desktop\Feyza Ezber -G221210029\Feyza Ezber -G221210029\Project31\Kaynak.cpp(547,49): warning C4244: '=': 'int' - 'float' dönüşümü; veri kaybı olabilir
C:\Users\Lenovo\Desktop\Feyza Ezber -G221210029\Feyza Ezber -G221210029\Project31\Kaynak.cpp(548,50): warning C4244: '=': 'int' - 'float' dönüşümü; veri kaybı olabilir
C:\Users\Lenovo\Desktop\Feyza Ezber -G221210029\Feyza Ezber -G221210029\Project31\Kaynak.cpp(551,168): warning C4244: '=': 'double' - 'float' dönüşümü; veri kaybı olabilir
C:\Users\Lenovo\Desktop\Feyza Ezber -G221210029\Feyza Ezber -G221210029\Project31\Kaynak.cpp(552,43): warning C4244: '=': 'double' - 'float' dönüşümü; veri kaybı olabilir
C:\Users\Lenovo\Desktop\Feyza Ezber -G221210029\Feyza Ezber -G221210029\Project31\Kaynak.cpp(574,12): warning C4244: 'bağımsız değişken': 'time_t' - 'unsigned int' dönüşümü; veri kaybı olabilir
C:\Users\Lenovo\Desktop\Feyza Ezber -G221210029\Feyza Ezber -G221210029\Project31\Kaynak.cpp(583,38): warning C4244: '=': 'int' - 'float' dönüşümü; veri kaybı olabilir
C:\Users\Lenovo\Desktop\Feyza Ezber -G221210029\Feyza Ezber -G221210029\Project31\Kaynak.cpp(584,38): warning C4244: '=': 'int' - 'float' dönüşümü; veri kaybı olabilir
C:\Users\Lenovo\Desktop\Feyza Ezber -G221210029\Feyza Ezber -G221210029\Project31\Kaynak.cpp(585,33): warning C4244: '=': 'int' - 'float' dönüşümü; veri kaybı olabilir
C:\Users\Lenovo\Desktop\Feyza Ezber -G221210029\Feyza Ezber -G221210029\Project31\Kaynak.cpp(586,33): warning C4244: '=': 'int' - 'float' dönüşümü; veri kaybı olabilir
C:\Users\Lenovo\Desktop\Feyza Ezber -G221210029\Feyza Ezber -G221210029\Project31\Kaynak.cpp(587,33): warning C4244: '=': 'int' - 'float' dönüşümü; veri kaybı olabilir
C:\Users\Lenovo\Desktop\Feyza Ezber -G221210029\Feyza Ezber -G221210029\Project31\Kaynak.cpp(588,32): warning C4244: '=': 'int' - 'float' dönüşümü; veri kaybı olabilir
C:\Users\Lenovo\Desktop\Feyza Ezber -G221210029\Feyza Ezber -G221210029\Project31\Kaynak.cpp(589,33): warning C4244: '=': 'int' - 'float' dönüşümü; veri kaybı olabilir
C:\Users\Lenovo\Desktop\Feyza Ezber -G221210029\Feyza Ezber -G221210029\Project31\Kaynak.cpp(594,54): warning C4244: '=': 'int' - 'float' dönüşümü; veri kaybı olabilir
C:\Users\Lenovo\Desktop\Feyza Ezber -G221210029\Feyza Ezber -G221210029\Project31\Kaynak.cpp(595,54): warning C4244: '=': 'int' - 'float' dönüşümü; veri kaybı olabilir
C:\Users\Lenovo\Desktop\Feyza Ezber -G221210029\Feyza Ezber -G221210029\Project31\Kaynak.cpp(596,49): warning C4244: '=': 'int' - 'float' dönüşümü; veri kaybı olabilir
C:\Users\Lenovo\Desktop\Feyza Ezber -G221210029\Feyza Ezber -G221210029\Project31\Kaynak.cpp(597,49): warning C4244: '=': 'int' - 'float' dönüşümü; veri kaybı olabilir
C:\Users\Lenovo\Desktop\Feyza Ezber -G221210029\Feyza Ezber -G221210029\Project31\Kaynak.cpp(598,49): warning C4244: '=': 'int' - 'float' dönüşümü; veri kaybı olabilir
C:\Users\Lenovo\Desktop\Feyza Ezber -G221210029\Feyza Ezber -G221210029\Project31\Kaynak.cpp(599,48): warning C4244: '=': 'int' - 'float' dönüşümü; veri kaybı olabilir
C:\Users\Lenovo\Desktop\Feyza Ezber -G221210029\Feyza Ezber -G221210029\Project31\Kaynak.cpp(600,49): warning C4244: '=': 'int' - 'float' dönüşümü; veri kaybı olabilir
C:\Users\Lenovo\Desktop\Feyza Ezber -G221210029\Feyza Ezber -G221210029\Project31\Kaynak.cpp(606,54): warning C4244: '=': 'int' - 'float' dönüşümü; veri kaybı olabilir
C:\Users\Lenovo\Desktop\Feyza Ezber -G221210029\Feyza Ezber -G221210029\Project31\Kaynak.cpp(607,54): warning C4244: '=': 'int' - 'float' dönüşümü; veri kaybı olabilir
C:\Users\Lenovo\Desktop\Feyza Ezber -G221210029\Feyza Ezber -G221210029\Project31\Kaynak.cpp(608,49): warning C4244: '=': 'int' - 'float' dönüşümü; veri kaybı olabilir
C:\Users\Lenovo\Desktop\Feyza Ezber -G221210029\Feyza Ezber -G221210029\Project31\Kaynak.cpp(609,49): warning C4244: '=': 'int' - 'float' dönüşümü; veri kaybı olabilir
C:\Users\Lenovo\Desktop\Feyza Ezber -G221210029\Feyza Ezber -G221210029\Project31\Kaynak.cpp(610,49): warning C4244: '=': 'int' - 'float' dönüşümü; veri kaybı olabilir
C:\Users\Lenovo\Desktop\Feyza Ezber -G221210029\Feyza Ezber -G221210029\Project31\Kaynak.cpp(611,48): warning C4244: '=': 'int' - 'float' dönüşümü; veri kaybı olabilir
C:\Users\Lenovo\Desktop\Feyza Ezber -G221210029\Feyza Ezber -G221210029\Project31\Kaynak.cpp(612,49): warning C4244: '=': 'int' - 'float' dönüşümü; veri kaybı olabilir
C:\Users\Lenovo\Desktop\Feyza Ezber -G221210029\Feyza Ezber -G221210029\Project31\Kaynak.cpp(618,55): warning C4244: '=': 'int' - 'float' dönüşümü; veri kaybı olabilir
C:\Users\Lenovo\Desktop\Feyza Ezber -G221210029\Feyza Ezber -G221210029\Project31\Kaynak.cpp(619,55): warning C4244: '=': 'int' - 'float' dönüşümü; veri kaybı olabilir
C:\Users\Lenovo\Desktop\Feyza Ezber -G221210029\Feyza Ezber -G221210029\Project31\Kaynak.cpp(620,50): warning C4244: '=': 'int' - 'float' dönüşümü; veri kaybı olabilir
C:\Users\Lenovo\Desktop\Feyza Ezber -G221210029\Feyza Ezber -G221210029\Project31\Kaynak.cpp(621,50): warning C4244: '=': 'int' - 'float' dönüşümü; veri kaybı olabilir
C:\Users\Lenovo\Desktop\Feyza Ezber -G221210029\Feyza Ezber -G221210029\Project31\Kaynak.cpp(622,50): warning C4244: '=': 'int' - 'float' dönüşümü; veri kaybı olabilir
C:\Users\Lenovo\Desktop\Feyza Ezber -G221210029\Feyza Ezber -G221210029\Project31\Kaynak.cpp(623,49): warning C4244: '=': 'int' - 'float' dönüşümü; veri kaybı olabilir
C:\Users\Lenovo\Desktop\Feyza Ezber -G221210029\Feyza Ezber -G221210029\Project31\Kaynak.cpp(624,50): warning C4244: '=': 'int' - 'float' dönüşümü; veri kaybı olabilir
C:\Users\Lenovo\Desktop\Feyza Ezber -G221210029\Feyza Ezber -G221210029\Project31\Kaynak.cpp(627,168): warning C4244: '=': 'double' - 'float' dönüşümü; veri kaybı olabilir
C:\Users\Lenovo\Desktop\Feyza Ezber -G221210029\Feyza Ezber -G221210029\Project31\Kaynak.cpp(628,43): warning C4244: '=': 'double' - 'float' dönüşümü; veri kaybı olabilir
C:\Users\Lenovo\Desktop\Feyza Ezber -G221210029\Feyza Ezber -G221210029\Project31\Kaynak.cpp(650,12): warning C4244: 'bağımsız değişken': 'time_t' - 'unsigned int' dönüşümü; veri kaybı olabilir
C:\Users\Lenovo\Desktop\Feyza Ezber -G221210029\Feyza Ezber -G221210029\Project31\Kaynak.cpp(659,38): warning C4244: '=': 'int' - 'float' dönüşümü; veri kaybı olabilir
C:\Users\Lenovo\Desktop\Feyza Ezber -G221210029\Feyza Ezber -G221210029\Project31\Kaynak.cpp(660,38): warning C4244: '=': 'int' - 'float' dönüşümü; veri kaybı olabilir
C:\Users\Lenovo\Desktop\Feyza Ezber -G221210029\Feyza Ezber -G221210029\Project31\Kaynak.cpp(661,33): warning C4244: '=': 'int' - 'float' dönüşümü; veri kaybı olabilir
C:\Users\Lenovo\Desktop\Feyza Ezber -G221210029\Feyza Ezber -G221210029\Project31\Kaynak.cpp(662,33): warning C4244: '=': 'int' - 'float' dönüşümü; veri kaybı olabilir
C:\Users\Lenovo\Desktop\Feyza Ezber -G221210029\Feyza Ezber -G221210029\Project31\Kaynak.cpp(663,33): warning C4244: '=': 'int' - 'float' dönüşümü; veri kaybı olabilir
C:\Users\Lenovo\Desktop\Feyza Ezber -G221210029\Feyza Ezber -G221210029\Project31\Kaynak.cpp(664,32): warning C4244: '=': 'int' - 'float' dönüşümü; veri kaybı olabilir
C:\Users\Lenovo\Desktop\Feyza Ezber -G221210029\Feyza Ezber -G221210029\Project31\Kaynak.cpp(665,33): warning C4244: '=': 'int' - 'float' dönüşümü; veri kaybı olabilir
C:\Users\Lenovo\Desktop\Feyza Ezber -G221210029\Feyza Ezber -G221210029\Project31\Kaynak.cpp(670,54): warning C4244: '=': 'int' - 'float' dönüşümü; veri kaybı olabilir
C:\Users\Lenovo\Desktop\Feyza Ezber -G221210029\Feyza Ezber -G221210029\Project31\Kaynak.cpp(671,54): warning C4244: '=': 'int' - 'float' dönüşümü; veri kaybı olabilir
C:\Users\Lenovo\Desktop\Feyza Ezber -G221210029\Feyza Ezber -G221210029\Project31\Kaynak.cpp(672,49): warning C4244: '=': 'int' - 'float' dönüşümü; veri kaybı olabilir
C:\Users\Lenovo\Desktop\Feyza Ezber -G221210029\Feyza Ezber -G221210029\Project31\Kaynak.cpp(673,49): warning C4244: '=': 'int' - 'float' dönüşümü; veri kaybı olabilir
C:\Users\Lenovo\Desktop\Feyza Ezber -G221210029\Feyza Ezber -G221210029\Project31\Kaynak.cpp(674,49): warning C4244: '=': 'int' - 'float' dönüşümü; veri kaybı olabilir
C:\Users\Lenovo\Desktop\Feyza Ezber -G221210029\Feyza Ezber -G221210029\Project31\Kaynak.cpp(675,48): warning C4244: '=': 'int' - 'float' dönüşümü; veri kaybı olabilir
C:\Users\Lenovo\Desktop\Feyza Ezber -G221210029\Feyza Ezber -G221210029\Project31\Kaynak.cpp(676,49): warning C4244: '=': 'int' - 'float' dönüşümü; veri kaybı olabilir
C:\Users\Lenovo\Desktop\Feyza Ezber -G221210029\Feyza Ezber -G221210029\Project31\Kaynak.cpp(682,54): warning C4244: '=': 'int' - 'float' dönüşümü; veri kaybı olabilir
C:\Users\Lenovo\Desktop\Feyza Ezber -G221210029\Feyza Ezber -G221210029\Project31\Kaynak.cpp(683,54): warning C4244: '=': 'int' - 'float' dönüşümü; veri kaybı olabilir
C:\Users\Lenovo\Desktop\Feyza Ezber -G221210029\Feyza Ezber -G221210029\Project31\Kaynak.cpp(684,49): warning C4244: '=': 'int' - 'float' dönüşümü; veri kaybı olabilir
C:\Users\Lenovo\Desktop\Feyza Ezber -G221210029\Feyza Ezber -G221210029\Project31\Kaynak.cpp(685,49): warning C4244: '=': 'int' - 'float' dönüşümü; veri kaybı olabilir
C:\Users\Lenovo\Desktop\Feyza Ezber -G221210029\Feyza Ezber -G221210029\Project31\Kaynak.cpp(686,49): warning C4244: '=': 'int' - 'float' dönüşümü; veri kaybı olabilir
C:\Users\Lenovo\Desktop\Feyza Ezber -G221210029\Feyza Ezber -G221210029\Project31\Kaynak.cpp(687,48): warning C4244: '=': 'int' - 'float' dönüşümü; veri kaybı olabilir
C:\Users\Lenovo\Desktop\Feyza Ezber -G221210029\Feyza Ezber -G221210029\Project31\Kaynak.cpp(688,49): warning C4244: '=': 'int' - 'float' dönüşümü; veri kaybı olabilir
C:\Users\Lenovo\Desktop\Feyza Ezber -G221210029\Feyza Ezber -G221210029\Project31\Kaynak.cpp(694,55): warning C4244: '=': 'int' - 'float' dönüşümü; veri kaybı olabilir
C:\Users\Lenovo\Desktop\Feyza Ezber -G221210029\Feyza Ezber -G221210029\Project31\Kaynak.cpp(695,55): warning C4244: '=': 'int' - 'float' dönüşümü; veri kaybı olabilir
C:\Users\Lenovo\Desktop\Feyza Ezber -G221210029\Feyza Ezber -G221210029\Project31\Kaynak.cpp(696,50): warning C4244: '=': 'int' - 'float' dönüşümü; veri kaybı olabilir
C:\Users\Lenovo\Desktop\Feyza Ezber -G221210029\Feyza Ezber -G221210029\Project31\Kaynak.cpp(697,50): warning C4244: '=': 'int' - 'float' dönüşümü; veri kaybı olabilir
C:\Users\Lenovo\Desktop\Feyza Ezber -G221210029\Feyza Ezber -G221210029\Project31\Kaynak.cpp(698,50): warning C4244: '=': 'int' - 'float' dönüşümü; veri kaybı olabilir
C:\Users\Lenovo\Desktop\Feyza Ezber -G221210029\Feyza Ezber -G221210029\Project31\Kaynak.cpp(699,49): warning C4244: '=': 'int' - 'float' dönüşümü; veri kaybı olabilir
C:\Users\Lenovo\Desktop\Feyza Ezber -G221210029\Feyza Ezber -G221210029\Project31\Kaynak.cpp(700,50): warning C4244: '=': 'int' - 'float' dönüşümü; veri kaybı olabilir
C:\Users\Lenovo\Desktop\Feyza Ezber -G221210029\Feyza Ezber -G221210029\Project31\Kaynak.cpp(703,168): warning C4244: '=': 'double' - 'float' dönüşümü; veri kaybı olabilir
C:\Users\Lenovo\Desktop\Feyza Ezber -G221210029\Feyza Ezber -G221210029\Project31\Kaynak.cpp(704,43): warning C4244: '=': 'double' - 'float' dönüşümü; veri kaybı olabilir
C:\Users\Lenovo\Desktop\Feyza Ezber -G221210029\Feyza Ezber -G221210029\Project31\Kaynak.cpp(757,98): warning C4244: '=': 'double' - 'float' dönüşümü; veri kaybı olabilir
C:\Users\Lenovo\Desktop\Feyza Ezber -G221210029\Feyza Ezber -G221210029\Project31\Kaynak.cpp(758,33): warning C4244: '=': 'double' - 'float' dönüşümü; veri kaybı olabilir
C:\Users\Lenovo\Desktop\Feyza Ezber -G221210029\Feyza Ezber -G221210029\Project31\Kaynak.cpp(832,98): warning C4244: '=': 'double' - 'float' dönüşümü; veri kaybı olabilir
C:\Users\Lenovo\Desktop\Feyza Ezber -G221210029\Feyza Ezber -G221210029\Project31\Kaynak.cpp(833,33): warning C4244: '=': 'double' - 'float' dönüşümü; veri kaybı olabilir
C:\Users\Lenovo\Desktop\Feyza Ezber -G221210029\Feyza Ezber -G221210029\Project31\Kaynak.cpp(875,98): warning C4244: '=': 'double' - 'float' dönüşümü; veri kaybı olabilir
C:\Users\Lenovo\Desktop\Feyza Ezber -G221210029\Feyza Ezber -G221210029\Project31\Kaynak.cpp(876,33): warning C4244: '=': 'double' - 'float' dönüşümü; veri kaybı olabilir
C:\Users\Lenovo\Desktop\Feyza Ezber -G221210029\Feyza Ezber -G221210029\Project31\Kaynak.cpp(919,98): warning C4244: '=': 'double' - 'float' dönüşümü; veri kaybı olabilir
C:\Users\Lenovo\Desktop\Feyza Ezber -G221210029\Feyza Ezber -G221210029\Project31\Kaynak.cpp(920,33): warning C4244: '=': 'double' - 'float' dönüşümü; veri kaybı olabilir
C:\Users\Lenovo\Desktop\Feyza Ezber -G221210029\Feyza Ezber -G221210029\Project31\Kaynak.cpp(962,98): warning C4244: '=': 'double' - 'float' dönüşümü; veri kaybı olabilir
C:\Users\Lenovo\Desktop\Feyza Ezber -G221210029\Feyza Ezber -G221210029\Project31\Kaynak.cpp(963,33): warning C4244: '=': 'double' - 'float' dönüşümü; veri kaybı olabilir
C:\Users\Lenovo\Desktop\Feyza Ezber -G221210029\Feyza Ezber -G221210029\Project31\Kaynak.cpp(967,23): warning C4244: '=': 'double' - 'float' dönüşümü; veri kaybı olabilir
C:\Users\Lenovo\Desktop\Feyza Ezber -G221210029\Feyza Ezber -G221210029\Project31\Kaynak.cpp(1018,98): warning C4244: '=': 'double' - 'float' dönüşümü; veri kaybı olabilir
C:\Users\Lenovo\Desktop\Feyza Ezber -G221210029\Feyza Ezber -G221210029\Project31\Kaynak.cpp(1019,33): warning C4244: '=': 'double' - 'float' dönüşümü; veri kaybı olabilir
C:\Users\Lenovo\Desktop\Feyza Ezber -G221210029\Feyza Ezber -G221210029\Project31\Kaynak.cpp(1074,98): warning C4244: '=': 'double' - 'float' dönüşümü; veri kaybı olabilir
C:\Users\Lenovo\Desktop\Feyza Ezber -G221210029\Feyza Ezber -G221210029\Project31\Kaynak.cpp(1075,33): warning C4244: '=': 'double' - 'float' dönüşümü; veri kaybı olabilir
C:\Users\Lenovo\Desktop\Feyza Ezber -G221210029\Feyza Ezber -G221210029\Project31\Kaynak.cpp(1130,98): warning C4244: '=': 'double' - 'float' dönüşümü; veri kaybı olabilir
C:\Users\Lenovo\Desktop\Feyza Ezber -G221210029\Feyza Ezber -G221210029\Project31\Kaynak.cpp(1131,33): warning C4244: '=': 'double' - 'float' dönüşümü; veri kaybı olabilir
C:\Users\Lenovo\Desktop\Feyza Ezber -G221210029\Feyza Ezber -G221210029\Project31\Kaynak.cpp(1148,6): warning C4101: 'n': yerel değişken başvurusu kaldırıldı
  Project31.vcxproj -> C:\Users\Lenovo\Desktop\Feyza Ezber -G221210029\Feyza Ezber -G221210029\x64\Debug\Project31.exe
